[     195ms] [INFO] %cDownload the React DevTools for a better development experience: https://react.dev/link/react-devtools font-weight:bold @ http://localhost:3107/_next/static/chunks/07.t_next_dist_0ti_p5h._.js:2431
[     203ms] [LOG] [HMR] connected @ http://localhost:3107/_next/static/chunks/07.t_next_dist_0ti_p5h._.js:2431
[   46465ms] [INFO] %cDownload the React DevTools for a better development experience: https://react.dev/link/react-devtools font-weight:bold @ http://localhost:3107/_next/static/chunks/07.t_next_dist_0ti_p5h._.js:2431
[   46474ms] [LOG] [HMR] connected @ http://localhost:3107/_next/static/chunks/07.t_next_dist_0ti_p5h._.js:2431
[   50455ms] [ERROR] WebSocket connection to 'ws://localhost:3107/_next/webpack-hmr?id=8wCOMk--ddUX3C3_Lz37R' failed: Error in connection establishment: net::ERR_CONNECTION_REFUSED @ http://localhost:3107/_next/static/chunks/07.t_next_dist_client_0le5taq._.js:13299
[   51911ms] [LOG] [HMR] connected @ http://localhost:3107/_next/static/chunks/07.t_next_dist_0ti_p5h._.js:2431
[   52422ms] [INFO] %cDownload the React DevTools for a better development experience: https://react.dev/link/react-devtools font-weight:bold @ http://localhost:3107/_next/static/chunks/07.t_next_dist_0ti_p5h._.js:2431
[   52434ms] [LOG] [HMR] connected @ http://localhost:3107/_next/static/chunks/07.t_next_dist_0ti_p5h._.js:2431
[   64526ms] [ERROR] WebSocket connection to 'ws://localhost:3107/_next/webpack-hmr?id=xOQRk_dqXTuM0XIdkgstg' failed:  @ http://localhost:3107/_next/static/chunks/07.t_next_dist_client_0le5taq._.js:13299
[   65529ms] [ERROR] WebSocket connection to 'ws://localhost:3107/_next/webpack-hmr?id=xOQRk_dqXTuM0XIdkgstg' failed: Error in connection establishment: net::ERR_CONNECTION_REFUSED @ http://localhost:3107/_next/static/chunks/07.t_next_dist_client_0le5taq._.js:13299
[   66532ms] [ERROR] WebSocket connection to 'ws://localhost:3107/_next/webpack-hmr?id=xOQRk_dqXTuM0XIdkgstg' failed: Error in connection establishment: net::ERR_CONNECTION_REFUSED @ http://localhost:3107/_next/static/chunks/07.t_next_dist_client_0le5taq._.js:13299
[   67534ms] [ERROR] WebSocket connection to 'ws://localhost:3107/_next/webpack-hmr?id=xOQRk_dqXTuM0XIdkgstg' failed: Error in connection establishment: net::ERR_CONNECTION_REFUSED @ http://localhost:3107/_next/static/chunks/07.t_next_dist_client_0le5taq._.js:13299
[   68538ms] [ERROR] WebSocket connection to 'ws://localhost:3107/_next/webpack-hmr?id=xOQRk_dqXTuM0XIdkgstg' failed: Error in connection establishment: net::ERR_CONNECTION_REFUSED @ http://localhost:3107/_next/static/chunks/07.t_next_dist_client_0le5taq._.js:13299
[   69540ms] [ERROR] WebSocket connection to 'ws://localhost:3107/_next/webpack-hmr?id=xOQRk_dqXTuM0XIdkgstg' failed: Error in connection establishment: net::ERR_CONNECTION_REFUSED @ http://localhost:3107/_next/static/chunks/07.t_next_dist_client_0le5taq._.js:13299
[   74545ms] [LOG] [HMR] connected @ http://localhost:3107/_next/static/chunks/07.t_next_dist_0ti_p5h._.js:2431
[   74980ms] [INFO] %cDownload the React DevTools for a better development experience: https://react.dev/link/react-devtools font-weight:bold @ http://localhost:3107/_next/static/chunks/07.t_next_dist_0ti_p5h._.js:2431
[   74992ms] [LOG] [HMR] connected @ http://localhost:3107/_next/static/chunks/07.t_next_dist_0ti_p5h._.js:2431
[   76177ms] [ERROR] WebSocket connection to 'ws://localhost:3107/_next/webpack-hmr?id=oup7RMI2nveHCqGj6hbtL' failed: Error in connection establishment: net::ERR_CONNECTION_REFUSED @ http://localhost:3107/_next/static/chunks/07.t_next_dist_client_0le5taq._.js:13299
[   77178ms] [ERROR] WebSocket connection to 'ws://localhost:3107/_next/webpack-hmr?id=oup7RMI2nveHCqGj6hbtL' failed: Error in connection establishment: net::ERR_CONNECTION_REFUSED @ http://localhost:3107/_next/static/chunks/07.t_next_dist_client_0le5taq._.js:13299
[   78180ms] [ERROR] WebSocket connection to 'ws://localhost:3107/_next/webpack-hmr?id=oup7RMI2nveHCqGj6hbtL' failed: Error in connection establishment: net::ERR_CONNECTION_REFUSED @ http://localhost:3107/_next/static/chunks/07.t_next_dist_client_0le5taq._.js:13299
[   79181ms] [ERROR] WebSocket connection to 'ws://localhost:3107/_next/webpack-hmr?id=oup7RMI2nveHCqGj6hbtL' failed: Error in connection establishment: net::ERR_CONNECTION_REFUSED @ http://localhost:3107/_next/static/chunks/07.t_next_dist_client_0le5taq._.js:13299
[   80185ms] [ERROR] WebSocket connection to 'ws://localhost:3107/_next/webpack-hmr?id=oup7RMI2nveHCqGj6hbtL' failed: Error in connection establishment: net::ERR_CONNECTION_REFUSED @ http://localhost:3107/_next/static/chunks/07.t_next_dist_client_0le5taq._.js:13299
